<?xml version="1.0" encoding="UTF-8"?>
<!-- Generated by org.testng.reporters.JUnitReportReporter -->
<testsuite hostname="DESKTOP-RVE60IM" failures="0" tests="3" name="testscript.AdminTest" time="19.756" errors="0" timestamp="2025-09-24T12:51:57 IST" skipped="0">
  <testcase classname="testscript.AdminTest" name="verifysearch" time="5.463"/>
  <testcase classname="testscript.AdminTest" name="verifyadduser" time="8.724"/>
  <testcase classname="testscript.AdminTest" name="verifyreset" time="5.569"/>
</testsuite> <!-- testscript.AdminTest -->
