<?xml version="1.0" encoding="UTF-8"?>
<!-- Generated by org.testng.reporters.JUnitReportReporter -->
<testsuite hostname="DESKTOP-RVE60IM" failures="0" tests="1" name="testscript.LoginTest" time="13.451" errors="0" timestamp="2025-09-30T11:09:02 IST" skipped="0">
  <testcase classname="testscript.LoginTest" name="verifyvalidusernamevalidpassword" time="13.451"/>
</testsuite> <!-- testscript.LoginTest -->
