<?xml version="1.0" encoding="UTF-8"?>
<!-- Generated by org.testng.reporters.JUnitReportReporter -->
<testsuite hostname="DESKTOP-RVE60IM" failures="0" tests="2" name="testscript.NewsTest" time="18.826" errors="0" timestamp="2025-10-06T10:13:46 IST" skipped="0">
  <testcase classname="testscript.NewsTest" name="veriftAddnews" time="9.885"/>
  <testcase classname="testscript.NewsTest" name="verifyreturntohome" time="8.941"/>
</testsuite> <!-- testscript.NewsTest -->
