<?xml version="1.0" encoding="UTF-8"?>
<!-- Generated by org.testng.reporters.JUnitReportReporter -->
<testsuite hostname="DESKTOP-RVE60IM" failures="0" tests="1" name="testscript.AdminTest" time="14.379" errors="0" timestamp="2025-09-29T10:32:19 IST" skipped="0">
  <testcase classname="testscript.AdminTest" name="verifyreset" time="14.379"/>
</testsuite> <!-- testscript.AdminTest -->
