<?xml version="1.0" encoding="UTF-8"?>
<!-- Generated by org.testng.reporters.JUnitReportReporter -->
<testsuite hostname="DESKTOP-RVE60IM" failures="0" tests="3" name="testscript.AdminTest" time="45.725" errors="0" timestamp="2025-10-06T10:13:46 IST" skipped="0">
  <testcase classname="testscript.AdminTest" name="verifyreset" time="12.734"/>
  <testcase classname="testscript.AdminTest" name="verifyadduser" time="15.058"/>
  <testcase classname="testscript.AdminTest" name="verifysearch" time="17.933"/>
</testsuite> <!-- testscript.AdminTest -->
