<?xml version="1.0" encoding="UTF-8"?>
<!-- Generated by org.testng.reporters.JUnitReportReporter -->
<testsuite hostname="DESKTOP-RVE60IM" failures="0" tests="1" name="testscript.LoginTest" time="11.696" errors="0" timestamp="2025-10-07T10:56:04 IST" skipped="0">
  <testcase classname="testscript.LoginTest" name="verifyvalidusernamevalidpassword" time="11.696"/>
</testsuite> <!-- testscript.LoginTest -->
