<?xml version="1.0" encoding="UTF-8"?>
<!-- Generated by org.testng.reporters.JUnitReportReporter -->
<testsuite hostname="DESKTOP-RVE60IM" failures="0" tests="3" name="testscript.AdminTest" time="17.120" errors="0" timestamp="2025-10-07T10:14:21 IST" skipped="0">
  <testcase classname="testscript.AdminTest" name="verifyreset" time="6.403"/>
  <testcase classname="testscript.AdminTest" name="verifyadduser" time="5.146"/>
  <testcase classname="testscript.AdminTest" name="verifysearch" time="5.571"/>
</testsuite> <!-- testscript.AdminTest -->
