<?xml version="1.0" encoding="UTF-8"?>
<!-- Generated by org.testng.reporters.JUnitReportReporter -->
<testsuite hostname="DESKTOP-RVE60IM" failures="0" tests="4" name="testscript.LoginTest" time="14.046" errors="0" timestamp="2025-09-15T11:42:55 IST" skipped="0">
  <testcase classname="testscript.LoginTest" name="validusernamevalidpassword" time="2.746"/>
  <testcase classname="testscript.LoginTest" name="invalidusernameinvalidpassword" time="3.667"/>
  <testcase classname="testscript.LoginTest" name="validusernameinvalidpassword" time="3.103"/>
  <testcase classname="testscript.LoginTest" name="invalidusernamevalidpassword" time="4.530"/>
</testsuite> <!-- testscript.LoginTest -->
