<?xml version="1.0" encoding="UTF-8"?>
<!-- Generated by org.testng.reporters.JUnitReportReporter -->
<testsuite hostname="DESKTOP-RVE60IM" failures="0" tests="1" name="testscript.HomeTest" time="17.212" errors="0" timestamp="2025-10-06T10:13:46 IST" skipped="0">
  <testcase classname="testscript.HomeTest" name="verifyLogout" time="17.212"/>
</testsuite> <!-- testscript.HomeTest -->
