<?xml version="1.0" encoding="UTF-8"?>
<!-- Generated by org.testng.reporters.JUnitReportReporter -->
<testsuite hostname="DESKTOP-RVE60IM" failures="0" tests="6" name="testscript.LoginTest" time="45.094" errors="0" timestamp="2025-09-22T12:11:26 IST" skipped="0">
  <testcase classname="testscript.LoginTest" name="verifyvalidusernamevalidpassword" time="7.512"/>
  <testcase classname="testscript.LoginTest" name="verifyvalidusernameinvalidpassword" time="5.277"/>
  <testcase classname="testscript.LoginTest" name="verifyinvalidusernamevalidpassword" time="7.720"/>
  <testcase classname="testscript.LoginTest" name="verifyinvalidusernameinvalidpassword" time="8.397"/>
  <testcase classname="testscript.LoginTest" name="verifyinvalidusernameinvalidpassword" time="6.190"/>
  <testcase classname="testscript.LoginTest" name="verifyinvalidusernameinvalidpassword" time="9.998"/>
</testsuite> <!-- testscript.LoginTest -->
