<?xml version="1.0" encoding="UTF-8"?>
<!-- Generated by org.testng.reporters.JUnitReportReporter -->
<testsuite hostname="DESKTOP-RVE60IM" failures="0" tests="4" name="testscript.LoginTest" time="24.344" errors="0" timestamp="2025-09-15T17:36:58 IST" skipped="0">
  <testcase classname="testscript.LoginTest" name="verifyvalidusernamevalidpassword" time="4.855"/>
  <testcase classname="testscript.LoginTest" name="verifyinvalidusernameinvalidpassword" time="7.730"/>
  <testcase classname="testscript.LoginTest" name="verifyvalidusernameinvalidpassword" time="6.959"/>
  <testcase classname="testscript.LoginTest" name="verifyinvalidusernamevalidpassword" time="4.800"/>
</testsuite> <!-- testscript.LoginTest -->
