<?xml version="1.0" encoding="UTF-8"?>
<!-- Generated by org.testng.reporters.JUnitReportReporter -->
<testsuite hostname="DESKTOP-RVE60IM" failures="0" tests="4" name="testscript.LoginTest" time="26.349" errors="0" timestamp="2025-09-16T09:48:48 IST" skipped="0">
  <testcase classname="testscript.LoginTest" name="verifyvalidusernamevalidpassword" time="4.521"/>
  <testcase classname="testscript.LoginTest" name="verifyinvalidusernameinvalidpassword" time="7.509"/>
  <testcase classname="testscript.LoginTest" name="verifyvalidusernameinvalidpassword" time="5.881"/>
  <testcase classname="testscript.LoginTest" name="verifyinvalidusernamevalidpassword" time="8.438"/>
</testsuite> <!-- testscript.LoginTest -->
