<?xml version="1.0" encoding="UTF-8"?>
<!-- Generated by org.testng.reporters.JUnitReportReporter -->
<testsuite hostname="DESKTOP-RVE60IM" failures="0" tests="1" name="testscript.HomeTest" time="6.007" errors="0" timestamp="2025-09-24T12:56:42 IST" skipped="0">
  <testcase classname="testscript.HomeTest" name="verifyLogout" time="6.007"/>
</testsuite> <!-- testscript.HomeTest -->
