<?xml version="1.0" encoding="UTF-8"?>
<!-- Generated by org.testng.reporters.JUnitReportReporter -->
<testsuite hostname="DESKTOP-RVE60IM" failures="0" tests="2" name="testscript.NewsTest" time="11.473" errors="0" timestamp="2025-10-07T10:14:21 IST" skipped="0">
  <testcase classname="testscript.NewsTest" name="veriftAddnews" time="6.504"/>
  <testcase classname="testscript.NewsTest" name="verifyreturntohome" time="4.969"/>
</testsuite> <!-- testscript.NewsTest -->
