<?xml version="1.0" encoding="UTF-8"?>
<!-- Generated by org.testng.reporters.JUnitReportReporter -->
<testsuite hostname="DESKTOP-RVE60IM" failures="0" tests="1" name="testscript.NewsTest" time="7.924" errors="0" timestamp="2025-09-22T18:47:42 IST" skipped="0">
  <testcase classname="testscript.NewsTest" name="verifyreturntohome" time="7.924"/>
</testsuite> <!-- testscript.NewsTest -->
