<?xml version="1.0" encoding="UTF-8"?>
<!-- Generated by org.testng.reporters.JUnitReportReporter -->
<testsuite hostname="DESKTOP-RVE60IM" failures="0" tests="6" name="testscript.LoginTest" time="59.706" errors="0" timestamp="2025-10-06T10:13:46 IST" skipped="0">
  <testcase classname="testscript.LoginTest" name="verifyvalidusernamevalidpassword" time="11.284"/>
  <testcase classname="testscript.LoginTest" name="verifyvalidusernameinvalidpassword" time="11.870"/>
  <testcase classname="testscript.LoginTest" name="verifyinvalidusernamevalidpassword" time="12.857"/>
  <testcase classname="testscript.LoginTest" name="verifyinvalidusernameinvalidpassword" time="7.068"/>
  <testcase classname="testscript.LoginTest" name="verifyinvalidusernameinvalidpassword" time="8.487"/>
  <testcase classname="testscript.LoginTest" name="verifyinvalidusernameinvalidpassword" time="8.140"/>
</testsuite> <!-- testscript.LoginTest -->
