<?xml version="1.0" encoding="UTF-8"?>
<!-- Generated by org.testng.reporters.JUnitReportReporter -->
<testsuite hostname="DESKTOP-RVE60IM" failures="0" tests="2" name="testscript.HomeTest" time="20.430" errors="0" timestamp="2025-10-07T10:43:15 IST" skipped="0">
  <testcase classname="testscript.HomeTest" name="verifyLogout" time="9.903"/>
  <testcase classname="testscript.HomeTest" name="verifyLogout" time="10.527"/>
</testsuite> <!-- testscript.HomeTest -->
